<?xml version="1.0" encoding="UTF-8"?>
<!-- Generated by org.testng.reporters.JUnitReportReporter -->
<testsuite hostname="DESKTOP-47L2K3M" failures="0" tests="1" name="TipsandTricks.TestCLass" time="0.713" errors="0" timestamp="2021-06-08T11:19:01 IST" skipped="0">
  <testcase classname="TipsandTricks.TestCLass" name="loginTest" time="0.713"/>
  <system-out/>
</testsuite> <!-- TipsandTricks.TestCLass -->
