<?xml version="1.0" encoding="UTF-8"?>
<!-- Generated by org.testng.reporters.JUnitReportReporter -->
<testsuite hostname="AkshayAathale" failures="0" tests="3" name="AutomationFramework.Class1" time="0.039" errors="0" timestamp="2025-05-22T15:59:00 IST" skipped="0">
  <testcase classname="AutomationFramework.Class1" name="n1" time="0.033"/>
  <system-out/>
  <testcase classname="AutomationFramework.Class1" name="n2" time="0.004"/>
  <system-out/>
  <testcase classname="AutomationFramework.Class1" name="n3" time="0.002"/>
  <system-out/>
</testsuite> <!-- AutomationFramework.Class1 -->
