<?xml version="1.0" encoding="UTF-8"?>
<!-- Generated by org.testng.reporters.JUnitReportReporter -->
<testsuite hostname="DESKTOP-47L2K3M" failures="0" tests="3" name="AutomationFramework.Class2" time="0.010" errors="0" timestamp="2022-04-12T10:14:53 IST" skipped="0">
  <testcase classname="AutomationFramework.Class2" name="m1" time="0.002"/>
  <system-out/>
  <testcase classname="AutomationFramework.Class2" name="m2" time="0.003"/>
  <system-out/>
  <testcase classname="AutomationFramework.Class2" name="m3" time="0.005"/>
  <system-out/>
</testsuite> <!-- AutomationFramework.Class2 -->
