<?xml version="1.0" encoding="UTF-8"?>
<!-- Generated by org.testng.reporters.JUnitReportReporter -->
<testsuite hostname="DESKTOP-47L2K3M" failures="0" tests="1" name="TipsandTricks.Practise" time="0.008" errors="0" timestamp="2022-03-06T15:26:15 IST" skipped="0">
  <testcase classname="TipsandTricks.Practise" name="driver" time="0.008"/>
  <system-out/>
</testsuite> <!-- TipsandTricks.Practise -->
