<?xml version="1.0" encoding="UTF-8"?>
<!-- Generated by org.testng.reporters.JUnitReportReporter -->
<testsuite hostname="DESKTOP-47L2K3M" failures="0" tests="1" name="AutomationFramework.Test1" time="13.712" errors="0" timestamp="2021-06-01T22:09:52 IST" skipped="0">
  <testcase classname="AutomationFramework.Test1" name="test" time="13.712"/>
  <system-out/>
</testsuite> <!-- AutomationFramework.Test1 -->
