<?xml version="1.0" encoding="UTF-8"?>
<!-- Generated by org.testng.reporters.JUnitReportReporter -->
<testsuite hostname="AkshayAathale" failures="0" tests="8" name="TipsandTricks.NewTest" time="0.057" errors="0" timestamp="2025-04-30T16:18:49 IST" skipped="0">
  <testcase classname="TipsandTricks.NewTest" name="Case1" time="0.002"/>
  <system-out/>
  <testcase classname="TipsandTricks.NewTest" name="Case4" time="0.005"/>
  <system-out/>
  <testcase classname="TipsandTricks.NewTest" name="messaga1" time="0.007"/>
  <system-out/>
  <testcase classname="TipsandTricks.NewTest" name="Case5" time="0.007"/>
  <system-out/>
  <testcase classname="TipsandTricks.NewTest" name="Case2" time="0.021"/>
  <system-out/>
  <testcase classname="TipsandTricks.NewTest" name="Case3" time="0.004"/>
  <system-out/>
  <testcase classname="TipsandTricks.NewTest" name="messaga" time="0.004"/>
  <system-out/>
  <testcase classname="TipsandTricks.NewTest" name="messaga" time="0.007"/>
  <system-out/>
</testsuite> <!-- TipsandTricks.NewTest -->
